{
  "Cucumber Features": {
    "coverage": {
      "/home/ubuntu/cs169-group29/app/models/semester.rb": [
        null,
        1,
        1,
        null,
        1,
        1,
        null,
        null,
        null,
        1,
        null,
        null,
        null,
        null,
        null,
        null,
        null,
        null,
        null,
        null,
        null,
        1,
        null,
        1,
        1,
        1,
        null,
        1,
        null,
        1,
        1,
        null,
        null,
        null,
        1,
        1,
        1,
        1,
        null,
        null,
        1,
        null,
        1,
        104,
        null,
        null,
        1,
        null,
        1,
        104,
        104,
        null,
        null,
        1,
        null,
        1,
        104,
        104,
        102,
        null,
        2,
        2,
        null,
        102,
        1,
        null,
        null,
        null,
        1,
        null,
        1,
        104,
        null,
        null,
        1,
        null,
        1,
        104,
        104,
        102,
        null,
        2,
        null,
        102,
        null,
        null,
        1,
        null,
        1,
        104,
        null,
        null,
        1,
        null,
        1,
        104,
        104,
        102,
        null,
        2,
        null,
        102,
        null,
        null,
        1,
        null,
        1,
        6,
        6,
        6,
        6,
        5,
        null,
        1,
        1,
        null,
        null,
        5,
        3,
        3,
        3,
        2,
        1,
        1,
        null,
        1,
        1,
        1,
        1,
        null,
        null,
        1,
        1,
        null,
        null,
        1,
        1,
        null,
        2,
        null,
        null,
        1,
        null,
        1,
        104,
        null,
        101,
        101,
        null,
        null,
        null,
        null,
        null,
        null,
        null,
        null,
        null,
        null,
        null,
        null,
        null,
        null,
        null,
        null,
        null,
        null,
        null,
        null,
        null,
        null,
        null,
        1,
        null,
        1,
        104,
        104,
        null,
        3,
        null,
        null,
        null,
        1,
        null,
        null,
        1,
        104,
        null,
        null,
        1,
        null,
        1,
        104,
        104,
        null,
        3,
        null,
        101,
        null,
        null,
        1,
        null,
        null,
        1,
        777,
        776,
        765,
        765,
        765,
        365,
        365,
        2,
        null,
        null,
        763,
        null,
        null,
        1,
        1,
        0,
        0,
        0,
        0,
        null,
        0,
        null,
        null,
        1,
        1,
        146,
        null,
        null,
        1,
        1,
        104,
        0,
        null,
        null,
        1,
        null,
        1,
        0,
        0,
        0,
        0,
        0,
        0,
        0,
        0,
        null,
        null,
        0,
        null,
        null,
        1,
        1,
        4,
        0,
        0,
        null,
        null,
        4,
        4,
        null,
        null,
        4,
        4,
        4,
        4,
        4,
        null,
        4,
        4,
        4,
        4,
        4,
        4,
        4,
        4,
        4,
        4,
        null,
        null,
        4,
        12,
        8,
        null,
        null,
        4,
        8,
        4,
        null,
        null,
        4,
        4,
        null,
        null,
        null,
        null,
        1,
        1,
        4,
        0,
        null,
        4,
        4,
        4,
        4,
        4,
        null,
        4,
        null,
        null,
        1,
        1,
        4,
        0,
        null,
        4,
        4,
        4,
        4,
        4,
        null,
        4,
        null,
        null,
        1,
        1,
        4,
        4,
        4,
        4,
        4,
        null,
        null,
        1,
        1,
        8,
        8,
        8,
        8,
        null,
        null,
        1,
        1,
        4,
        4,
        4,
        4,
        4,
        null,
        null,
        null
      ],
      "/home/ubuntu/cs169-group29/app/models/teacher.rb": [
        1,
        null,
        1,
        null,
        1,
        null,
        null,
        null,
        null,
        1,
        null,
        1,
        1,
        1,
        null,
        1,
        null,
        1,
        80,
        null,
        null,
        null,
        1,
        80,
        null,
        null,
        null,
        1,
        80,
        null,
        null,
        null,
        1,
        240,
        0,
        null,
        null,
        1,
        null,
        1,
        80,
        80,
        null,
        null,
        null,
        1,
        80,
        80,
        null,
        null,
        null,
        1,
        80,
        80,
        null,
        null,
        1,
        null,
        null,
        null,
        null,
        null,
        null,
        38,
        38,
        null,
        null,
        null
      ],
      "/home/ubuntu/cs169-group29/app/controllers/semesters_controller.rb": [
        1,
        1,
        null,
        1,
        62,
        62,
        233,
        61,
        null,
        null,
        1,
        null,
        193,
        null,
        null,
        1,
        19,
        3,
        3,
        null,
        null,
        null,
        null,
        1,
        8,
        8,
        3,
        3,
        3,
        3,
        null,
        5,
        null,
        5,
        null,
        null,
        null,
        null,
        null,
        null,
        null,
        null,
        null,
        1,
        6,
        6,
        6,
        2,
        2,
        2,
        2,
        2,
        2,
        null,
        4,
        null,
        6,
        null,
        null,
        1,
        7,
        7,
        7,
        7,
        6,
        null,
        7,
        4,
        4,
        4,
        null,
        3,
        3,
        3,
        null,
        0,
        0,
        null,
        null,
        null,
        1,
        1,
        1,
        null,
        1,
        null,
        1,
        1,
        null,
        0,
        null,
        null,
        1,
        null,
        null,
        1,
        4,
        4,
        null,
        4,
        4,
        4,
        4,
        4,
        null,
        0,
        null,
        null,
        0,
        null,
        null,
        0,
        null,
        4,
        null,
        null,
        1,
        1,
        74,
        1,
        1,
        1,
        null,
        73,
        null,
        null,
        null,
        null,
        null,
        null,
        null,
        null,
        null,
        null,
        null,
        null
      ],
      "/home/ubuntu/cs169-group29/app/controllers/application_controller.rb": [
        1,
        1,
        null,
        null,
        null,
        null,
        null,
        null,
        null,
        null,
        null,
        null,
        null,
        null,
        null,
        null,
        null,
        null,
        null,
        null,
        null,
        null,
        null,
        null,
        null
      ],
      "/home/ubuntu/cs169-group29/app/helpers/application_helper.rb": [
        1,
        null
      ],
      "/home/ubuntu/cs169-group29/app/models/course.rb": [
        null,
        null,
        1,
        1,
        1,
        1,
        1,
        1,
        1,
        null,
        null,
        1,
        null,
        null,
        null,
        null,
        null,
        null,
        null,
        null,
        null,
        null,
        null,
        null,
        null,
        null,
        null,
        null,
        null,
        null,
        null,
        null,
        null,
        null,
        null,
        null,
        null,
        null,
        null,
        null,
        null,
        null,
        null,
        1,
        1,
        1,
        1,
        null,
        null,
        null,
        null,
        null,
        null,
        null,
        null,
        1,
        1,
        1,
        1,
        1,
        null,
        null,
        null,
        null,
        null,
        null,
        null,
        null,
        1,
        1,
        null,
        1,
        1,
        1,
        1,
        1,
        null,
        1,
        1,
        57,
        null,
        null,
        1,
        1,
        57,
        57,
        null,
        null,
        1,
        1,
        57,
        null,
        null,
        1,
        1,
        57,
        57,
        null,
        null,
        1,
        1,
        57,
        null,
        null,
        1,
        1,
        57,
        57,
        null,
        null,
        1,
        1,
        57,
        null,
        null,
        1,
        1,
        57,
        null,
        null,
        1,
        1,
        57,
        null,
        null,
        1,
        1,
        57,
        57,
        57,
        57,
        57,
        57,
        57,
        null,
        57,
        57,
        57,
        57,
        57,
        57,
        57,
        57,
        null,
        null,
        null,
        null,
        null,
        null,
        null,
        null,
        null,
        null,
        null,
        null,
        null,
        null,
        null,
        null,
        null,
        null,
        null,
        null,
        null,
        null,
        null,
        null,
        null,
        null,
        null,
        null,
        null,
        null,
        null,
        null,
        null,
        null,
        null,
        null,
        null,
        null,
        null,
        null,
        null,
        null,
        null,
        null,
        null,
        null,
        null,
        null,
        null,
        null,
        null,
        null,
        null,
        null,
        null,
        null,
        null,
        null,
        null,
        null,
        null,
        null,
        null,
        null,
        null,
        null,
        null,
        null,
        null,
        null,
        null,
        null,
        null,
        null,
        null,
        null,
        null,
        null,
        null,
        null,
        1,
        1,
        57,
        null,
        null,
        1,
        1,
        57,
        56,
        null,
        null,
        1,
        1,
        57,
        null,
        null,
        1,
        1,
        57,
        56,
        null,
        null,
        null,
        null,
        1,
        1,
        57,
        null,
        null,
        1,
        1,
        57,
        null,
        null,
        1,
        1,
        57,
        null,
        null,
        1,
        1,
        57,
        null,
        null,
        1,
        1,
        57,
        null,
        null,
        1,
        1,
        57,
        null,
        null,
        1,
        1,
        57,
        null,
        null,
        1,
        1,
        57,
        null,
        null,
        1,
        1,
        57,
        null,
        null,
        1,
        1,
        57,
        null,
        null,
        1,
        1,
        171,
        0,
        null,
        null,
        null,
        null,
        1,
        1,
        0,
        null,
        null,
        null
      ],
      "/home/ubuntu/cs169-group29/app/controllers/teachers_controller.rb": [
        1,
        1,
        null,
        1,
        null,
        null,
        null,
        null,
        null,
        1,
        19,
        19,
        19,
        19,
        1,
        1,
        1,
        null,
        null,
        0,
        0,
        0,
        null,
        18,
        null,
        null,
        1,
        4,
        4,
        4,
        0,
        0,
        null,
        null,
        null,
        null,
        1,
        2,
        2,
        null,
        2,
        2,
        1,
        1,
        1,
        null,
        null,
        1,
        1,
        null,
        null,
        null,
        1,
        3,
        3,
        3,
        3,
        null,
        null,
        1,
        2,
        2,
        2,
        2,
        null,
        2,
        1,
        1,
        null,
        1,
        1,
        null,
        null,
        null,
        1,
        1,
        1,
        null,
        1,
        null,
        1,
        1,
        null,
        0,
        null,
        null,
        1,
        null,
        null,
        1,
        1,
        6,
        0,
        0,
        0,
        null,
        6,
        null,
        null,
        null,
        1,
        1,
        11,
        0,
        0,
        0,
        null,
        11,
        null,
        null,
        null
      ],
      "/home/ubuntu/cs169-group29/app/models/ptainstructor.rb": [
        1,
        null,
        1,
        1,
        1,
        1,
        null,
        null,
        1,
        null,
        null,
        null,
        null,
        null,
        null,
        1,
        1,
        1,
        1,
        null,
        1,
        1,
        105,
        105,
        null,
        null,
        1,
        105,
        105,
        104,
        null,
        null,
        1,
        105,
        105,
        104,
        null,
        null,
        1,
        105,
        105,
        null,
        null,
        1,
        36,
        36,
        null,
        null,
        1,
        1,
        105,
        null,
        null,
        1,
        105,
        null,
        null,
        1,
        105,
        null,
        null,
        1,
        105,
        null,
        null,
        1,
        420,
        0,
        null,
        null
      ],
      "/home/ubuntu/cs169-group29/app/controllers/ptainstructors_controller.rb": [
        1,
        1,
        null,
        1,
        null,
        null,
        null,
        null,
        null,
        1,
        13,
        13,
        13,
        1,
        1,
        1,
        null,
        null,
        0,
        0,
        0,
        null,
        12,
        null,
        null,
        1,
        4,
        4,
        4,
        1,
        1,
        null,
        null,
        null,
        null,
        1,
        null,
        2,
        2,
        null,
        2,
        2,
        1,
        1,
        1,
        null,
        null,
        1,
        1,
        null,
        null,
        null,
        1,
        null,
        null,
        4,
        4,
        4,
        4,
        null,
        null,
        1,
        null,
        2,
        2,
        2,
        null,
        2,
        1,
        1,
        null,
        1,
        1,
        null,
        null,
        null,
        1,
        null,
        null,
        1,
        1,
        null,
        1,
        null,
        1,
        1,
        null,
        0,
        null,
        null,
        1,
        null,
        null,
        1,
        7,
        1,
        1,
        1,
        null,
        6,
        null,
        null,
        1,
        1,
        10,
        0,
        0,
        0,
        null,
        10,
        null,
        null,
        null
      ],
      "/home/ubuntu/cs169-group29/app/controllers/courses_controller.rb": [
        1,
        1,
        null,
        null,
        null,
        null,
        null,
        null,
        null,
        null,
        null,
        1,
        null,
        1,
        1,
        1,
        null,
        0,
        null,
        null,
        null,
        1,
        8,
        8,
        6,
        6,
        6,
        1,
        1,
        null,
        null,
        null,
        null,
        null,
        null,
        null,
        null,
        null,
        null,
        null,
        null,
        null,
        null,
        null,
        null,
        null,
        null,
        null,
        null,
        null,
        1,
        2,
        2,
        null,
        2,
        2,
        2,
        2,
        1,
        1,
        1,
        1,
        null,
        1,
        1,
        null,
        null,
        1,
        3,
        3,
        3,
        3,
        1,
        1,
        1,
        null,
        2,
        2,
        2,
        0,
        0,
        null,
        null,
        null,
        null,
        1,
        1,
        1,
        1,
        1,
        0,
        0,
        0,
        null,
        1,
        1,
        1,
        null,
        0,
        null,
        1,
        null,
        null,
        1,
        2,
        null,
        2,
        null,
        2,
        2,
        0,
        0,
        0,
        null,
        2,
        2,
        null,
        2,
        2,
        2,
        null,
        2,
        null,
        0,
        0,
        0,
        null,
        null,
        null,
        null,
        null,
        null,
        null,
        null,
        null,
        null,
        null,
        null,
        null,
        null,
        null,
        null,
        null,
        null,
        null,
        null,
        null,
        null,
        null,
        null,
        null,
        null,
        null,
        null,
        1,
        1,
        16,
        2,
        2,
        2,
        null,
        14,
        null,
        null,
        null,
        null
      ],
      "/home/ubuntu/cs169-group29/app/models/student.rb": [
        1,
        1,
        1,
        null,
        1,
        null,
        1,
        null,
        1,
        null,
        null,
        null,
        null,
        null,
        null,
        null,
        null,
        null,
        null,
        null,
        1,
        null,
        1,
        1,
        1,
        1,
        1,
        1,
        1,
        null,
        null,
        1,
        1,
        20,
        null,
        null,
        1,
        1,
        20,
        20,
        null,
        null,
        1,
        1,
        20,
        null,
        null,
        1,
        1,
        20,
        20,
        null,
        null,
        1,
        1,
        20,
        null,
        null,
        1,
        1,
        20,
        20,
        19,
        null,
        null,
        1,
        null,
        null,
        1,
        1,
        20,
        null,
        null,
        1,
        1,
        20,
        18,
        18,
        null,
        null,
        1,
        1,
        20,
        null,
        null,
        1,
        1,
        20,
        19,
        null,
        null,
        1,
        1,
        20,
        null,
        null,
        1,
        1,
        20,
        18,
        18,
        null,
        null,
        1,
        1,
        20,
        null,
        null,
        1,
        1,
        0,
        0,
        null,
        null,
        1,
        20,
        20,
        19,
        null,
        null,
        1,
        1,
        136,
        0,
        null,
        null,
        1,
        1,
        40,
        4,
        null,
        null,
        1,
        1,
        56,
        56,
        55,
        null,
        null,
        null
      ],
      "/home/ubuntu/cs169-group29/app/controllers/students_controller.rb": [
        1,
        1,
        null,
        1,
        null,
        null,
        null,
        null,
        null,
        1,
        10,
        10,
        10,
        1,
        1,
        1,
        null,
        null,
        0,
        0,
        0,
        null,
        9,
        null,
        null,
        1,
        4,
        4,
        3,
        3,
        3,
        1,
        1,
        null,
        null,
        null,
        null,
        1,
        2,
        2,
        null,
        2,
        null,
        2,
        0,
        0,
        0,
        null,
        null,
        2,
        null,
        2,
        2,
        2,
        null,
        null,
        2,
        2,
        2,
        null,
        0,
        0,
        0,
        0,
        null,
        null,
        2,
        1,
        1,
        null,
        1,
        1,
        1,
        null,
        null,
        null,
        null,
        null,
        null,
        null,
        null,
        null,
        null,
        null,
        null,
        null,
        null,
        null,
        1,
        4,
        4,
        3,
        3,
        3,
        3,
        null,
        null,
        1,
        2,
        2,
        2,
        null,
        2,
        1,
        1,
        1,
        null,
        null,
        1,
        1,
        1,
        null,
        0,
        null,
        null,
        1,
        1,
        1,
        null,
        0,
        0,
        0,
        0,
        null,
        null,
        1,
        1,
        null,
        null,
        null,
        null,
        1,
        1,
        1,
        null,
        1,
        null,
        1,
        1,
        null,
        0,
        null,
        null,
        1,
        null,
        null,
        1,
        1,
        6,
        0,
        0,
        0,
        null,
        6,
        null,
        null,
        1,
        1,
        10,
        2,
        2,
        2,
        null,
        8,
        null,
        null
      ]
    },
    "timestamp": 1353296816
  },
  "RSpec": {
    "coverage": {
      "/home/ubuntu/cs169-group29/app/helpers/application_helper.rb": [
        1,
        null
      ],
      "/home/ubuntu/cs169-group29/app/models/teacher.rb": [
        1,
        null,
        1,
        null,
        1,
        null,
        null,
        null,
        null,
        1,
        null,
        1,
        1,
        1,
        null,
        1,
        null,
        1,
        5,
        null,
        null,
        null,
        1,
        5,
        null,
        null,
        null,
        1,
        5,
        null,
        null,
        null,
        1,
        29,
        6,
        null,
        null,
        1,
        null,
        1,
        10,
        8,
        null,
        null,
        null,
        1,
        9,
        7,
        null,
        null,
        null,
        1,
        10,
        8,
        null,
        null,
        1,
        null,
        null,
        null,
        null,
        null,
        null,
        1,
        1,
        null,
        null,
        null
      ],
      "/home/ubuntu/cs169-group29/app/models/course.rb": [
        null,
        null,
        1,
        1,
        1,
        1,
        1,
        1,
        1,
        null,
        null,
        1,
        null,
        null,
        null,
        null,
        null,
        null,
        null,
        null,
        null,
        null,
        null,
        null,
        null,
        null,
        null,
        null,
        null,
        null,
        null,
        null,
        null,
        null,
        null,
        null,
        null,
        null,
        null,
        null,
        null,
        null,
        null,
        1,
        1,
        1,
        1,
        null,
        null,
        null,
        null,
        null,
        null,
        null,
        null,
        1,
        1,
        1,
        1,
        1,
        null,
        null,
        null,
        null,
        null,
        null,
        null,
        null,
        1,
        1,
        null,
        1,
        1,
        1,
        1,
        1,
        null,
        1,
        1,
        4,
        null,
        null,
        1,
        1,
        4,
        2,
        null,
        null,
        1,
        1,
        4,
        null,
        null,
        1,
        1,
        4,
        2,
        null,
        null,
        1,
        1,
        4,
        null,
        null,
        1,
        1,
        4,
        2,
        null,
        null,
        1,
        1,
        4,
        null,
        null,
        1,
        1,
        8,
        null,
        null,
        1,
        1,
        4,
        null,
        null,
        1,
        1,
        7,
        4,
        4,
        4,
        4,
        4,
        4,
        null,
        4,
        4,
        4,
        4,
        4,
        4,
        4,
        4,
        null,
        null,
        null,
        null,
        null,
        null,
        null,
        null,
        null,
        null,
        null,
        null,
        null,
        null,
        null,
        null,
        null,
        null,
        null,
        null,
        null,
        null,
        null,
        null,
        null,
        null,
        null,
        null,
        null,
        null,
        null,
        null,
        null,
        null,
        null,
        null,
        null,
        null,
        null,
        null,
        null,
        null,
        null,
        null,
        null,
        null,
        null,
        null,
        null,
        null,
        null,
        null,
        null,
        null,
        null,
        null,
        null,
        null,
        null,
        null,
        null,
        null,
        null,
        null,
        null,
        null,
        null,
        null,
        null,
        null,
        null,
        null,
        null,
        null,
        null,
        null,
        null,
        null,
        null,
        null,
        1,
        1,
        4,
        null,
        null,
        1,
        1,
        10,
        6,
        null,
        null,
        1,
        1,
        4,
        null,
        null,
        1,
        1,
        7,
        4,
        null,
        null,
        null,
        null,
        1,
        1,
        4,
        null,
        null,
        1,
        1,
        4,
        null,
        null,
        1,
        1,
        4,
        null,
        null,
        1,
        1,
        4,
        null,
        null,
        1,
        1,
        4,
        null,
        null,
        1,
        1,
        4,
        null,
        null,
        1,
        1,
        4,
        null,
        null,
        1,
        1,
        4,
        null,
        null,
        1,
        1,
        4,
        null,
        null,
        1,
        1,
        4,
        null,
        null,
        1,
        1,
        12,
        6,
        null,
        null,
        null,
        null,
        1,
        1,
        0,
        null,
        null,
        null
      ],
      "/home/ubuntu/cs169-group29/app/models/semester.rb": [
        null,
        1,
        1,
        null,
        1,
        1,
        null,
        null,
        null,
        1,
        null,
        null,
        null,
        null,
        null,
        null,
        null,
        null,
        null,
        null,
        null,
        1,
        null,
        1,
        1,
        1,
        null,
        1,
        null,
        1,
        1,
        null,
        null,
        null,
        1,
        1,
        1,
        1,
        null,
        null,
        1,
        null,
        1,
        6,
        null,
        null,
        1,
        null,
        1,
        9,
        8,
        null,
        null,
        1,
        null,
        1,
        6,
        6,
        6,
        null,
        0,
        0,
        null,
        6,
        0,
        null,
        null,
        null,
        1,
        null,
        1,
        6,
        null,
        null,
        1,
        null,
        1,
        10,
        10,
        7,
        null,
        3,
        null,
        7,
        null,
        null,
        1,
        null,
        1,
        6,
        null,
        null,
        1,
        null,
        1,
        10,
        10,
        7,
        null,
        3,
        null,
        7,
        null,
        null,
        1,
        null,
        1,
        0,
        0,
        0,
        0,
        0,
        null,
        0,
        0,
        null,
        null,
        0,
        0,
        0,
        0,
        0,
        0,
        0,
        null,
        0,
        0,
        0,
        0,
        null,
        null,
        0,
        0,
        null,
        null,
        0,
        0,
        null,
        0,
        null,
        null,
        1,
        null,
        1,
        6,
        null,
        0,
        0,
        null,
        null,
        null,
        null,
        null,
        null,
        null,
        null,
        null,
        null,
        null,
        null,
        null,
        null,
        null,
        null,
        null,
        null,
        null,
        null,
        null,
        null,
        null,
        1,
        null,
        1,
        6,
        6,
        null,
        0,
        null,
        null,
        null,
        1,
        null,
        null,
        1,
        6,
        null,
        null,
        1,
        null,
        1,
        10,
        10,
        null,
        3,
        null,
        7,
        null,
        null,
        1,
        null,
        null,
        1,
        48,
        45,
        39,
        39,
        39,
        30,
        30,
        0,
        null,
        null,
        39,
        null,
        null,
        1,
        1,
        4,
        4,
        4,
        3,
        null,
        1,
        null,
        null,
        1,
        1,
        0,
        null,
        null,
        1,
        1,
        9,
        1,
        null,
        null,
        1,
        null,
        1,
        0,
        0,
        0,
        0,
        0,
        0,
        0,
        0,
        null,
        null,
        0,
        null,
        null,
        1,
        1,
        1,
        0,
        0,
        null,
        null,
        1,
        1,
        null,
        null,
        1,
        1,
        1,
        1,
        1,
        null,
        1,
        1,
        1,
        1,
        1,
        1,
        1,
        1,
        1,
        1,
        null,
        null,
        1,
        1,
        0,
        null,
        null,
        1,
        1,
        0,
        null,
        null,
        1,
        0,
        null,
        null,
        null,
        null,
        1,
        1,
        1,
        0,
        null,
        1,
        1,
        1,
        1,
        1,
        null,
        1,
        null,
        null,
        1,
        1,
        1,
        0,
        null,
        1,
        1,
        1,
        1,
        1,
        null,
        1,
        null,
        null,
        1,
        1,
        0,
        0,
        0,
        0,
        0,
        null,
        null,
        1,
        1,
        0,
        0,
        0,
        0,
        null,
        null,
        1,
        1,
        0,
        0,
        0,
        0,
        0,
        null,
        null,
        null
      ],
      "/home/ubuntu/cs169-group29/app/models/student.rb": [
        1,
        1,
        1,
        null,
        1,
        null,
        1,
        null,
        1,
        null,
        null,
        null,
        null,
        null,
        null,
        null,
        null,
        null,
        null,
        null,
        1,
        null,
        1,
        1,
        1,
        1,
        1,
        1,
        1,
        null,
        null,
        1,
        1,
        0,
        null,
        null,
        1,
        1,
        5,
        3,
        null,
        null,
        1,
        1,
        0,
        null,
        null,
        1,
        1,
        5,
        3,
        null,
        null,
        1,
        1,
        0,
        null,
        null,
        1,
        1,
        6,
        4,
        2,
        null,
        null,
        4,
        null,
        null,
        1,
        1,
        0,
        null,
        null,
        1,
        1,
        7,
        7,
        3,
        null,
        null,
        1,
        1,
        0,
        null,
        null,
        1,
        1,
        7,
        3,
        null,
        null,
        1,
        1,
        0,
        null,
        null,
        1,
        1,
        0,
        0,
        0,
        null,
        null,
        1,
        1,
        0,
        null,
        null,
        1,
        1,
        0,
        0,
        null,
        null,
        1,
        6,
        5,
        1,
        null,
        null,
        1,
        1,
        36,
        7,
        null,
        null,
        1,
        1,
        7,
        0,
        null,
        null,
        1,
        1,
        14,
        14,
        6,
        null,
        null,
        null
      ],
      "/home/ubuntu/cs169-group29/app/models/ptainstructor.rb": [
        1,
        null,
        1,
        1,
        1,
        1,
        null,
        null,
        1,
        null,
        null,
        null,
        null,
        null,
        null,
        1,
        1,
        1,
        1,
        null,
        1,
        1,
        8,
        7,
        null,
        null,
        1,
        11,
        10,
        6,
        null,
        null,
        1,
        12,
        12,
        8,
        null,
        null,
        1,
        8,
        7,
        null,
        null,
        1,
        0,
        0,
        null,
        null,
        1,
        1,
        5,
        null,
        null,
        1,
        5,
        null,
        null,
        1,
        5,
        null,
        null,
        1,
        5,
        null,
        null,
        1,
        39,
        3,
        null,
        null
      ],
      "/home/ubuntu/cs169-group29/app/controllers/logins_controller.rb": [
        1,
        1,
        null,
        1,
        0,
        null,
        null,
        1,
        null,
        null,
        null,
        1,
        null,
        null,
        null,
        1,
        null,
        null,
        null,
        1,
        null,
        null,
        null,
        1,
        null,
        null,
        null,
        1,
        null,
        null,
        null,
        null,
        null
      ],
      "/home/ubuntu/cs169-group29/app/models/login.rb": [
        1,
        null,
        null
      ]
    },
    "timestamp": 1353296833
  }
}
